This is pdfTeX, Version 3.141592653-2.6-1.40.27 (MiKTeX 25.3) (preloaded format=pdflatex 2025.4.2)  3 MAY 2025 01:42
entering extended mode
 restricted \write18 enabled.
 file:line:error style messages enabled.
 %&-line parsing enabled.
**c:/Users/jpber/323/Project/Latex/Report.tex
(c:/Users/jpber/323/Project/Latex/Report.tex
LaTeX2e <2024-11-01> patch level 2
L3 programming layer <2025-01-18>
(C:\Users\jpber\AppData\Local\Programs\MiKTeX\tex/latex/base\article.cls
Document Class: article 2024/06/29 v1.4n Standard LaTeX document class
(C:\Users\jpber\AppData\Local\Programs\MiKTeX\tex/latex/base\size10.clo
File: size10.clo 2024/06/29 v1.4n Standard LaTeX file (size option)
)
\c@part=\count196
\c@section=\count197
\c@subsection=\count198
\c@subsubsection=\count199
\c@paragraph=\count266
\c@subparagraph=\count267
\c@figure=\count268
\c@table=\count269
\abovecaptionskip=\skip49
\belowcaptionskip=\skip50
\bibindent=\dimen141
) (spconf.sty) (C:\Users\jpber\AppData\Local\Programs\MiKTeX\tex/latex/amsmath\amsmath.sty
Package: amsmath 2024/11/05 v2.17t AMS math features
\@mathmargin=\skip51

For additional information on amsmath, use the `?' option.
(C:\Users\jpber\AppData\Local\Programs\MiKTeX\tex/latex/amsmath\amstext.sty
Package: amstext 2021/08/26 v2.01 AMS text
 (C:\Users\jpber\AppData\Local\Programs\MiKTeX\tex/latex/amsmath\amsgen.sty
File: amsgen.sty 1999/11/30 v2.0 generic functions
\@emptytoks=\toks17
\ex@=\dimen142
)) (C:\Users\jpber\AppData\Local\Programs\MiKTeX\tex/latex/amsmath\amsbsy.sty
Package: amsbsy 1999/11/29 v1.2d Bold Symbols
\pmbraise@=\dimen143
) (C:\Users\jpber\AppData\Local\Programs\MiKTeX\tex/latex/amsmath\amsopn.sty
Package: amsopn 2022/04/08 v2.04 operator names
)
\inf@bad=\count270
LaTeX Info: Redefining \frac on input line 233.
\uproot@=\count271
\leftroot@=\count272
LaTeX Info: Redefining \overline on input line 398.
LaTeX Info: Redefining \colon on input line 409.
\classnum@=\count273
\DOTSCASE@=\count274
LaTeX Info: Redefining \ldots on input line 495.
LaTeX Info: Redefining \dots on input line 498.
LaTeX Info: Redefining \cdots on input line 619.
\Mathstrutbox@=\box52
\strutbox@=\box53
LaTeX Info: Redefining \big on input line 721.
LaTeX Info: Redefining \Big on input line 722.
LaTeX Info: Redefining \bigg on input line 723.
LaTeX Info: Redefining \Bigg on input line 724.
\big@size=\dimen144
LaTeX Font Info:    Redeclaring font encoding OML on input line 742.
LaTeX Font Info:    Redeclaring font encoding OMS on input line 743.
\macc@depth=\count275
LaTeX Info: Redefining \bmod on input line 904.
LaTeX Info: Redefining \pmod on input line 909.
LaTeX Info: Redefining \smash on input line 939.
LaTeX Info: Redefining \relbar on input line 969.
LaTeX Info: Redefining \Relbar on input line 970.
\c@MaxMatrixCols=\count276
\dotsspace@=\muskip17
\c@parentequation=\count277
\dspbrk@lvl=\count278
\tag@help=\toks18
\row@=\count279
\column@=\count280
\maxfields@=\count281
\andhelp@=\toks19
\eqnshift@=\dimen145
\alignsep@=\dimen146
\tagshift@=\dimen147
\tagwidth@=\dimen148
\totwidth@=\dimen149
\lineht@=\dimen150
\@envbody=\toks20
\multlinegap=\skip52
\multlinetaggap=\skip53
\mathdisplay@stack=\toks21
LaTeX Info: Redefining \[ on input line 2953.
LaTeX Info: Redefining \] on input line 2954.
) (C:\Users\jpber\AppData\Local\Programs\MiKTeX\tex/latex/graphics\graphicx.sty
Package: graphicx 2021/09/16 v1.2d Enhanced LaTeX Graphics (DPC,SPQR)
 (C:\Users\jpber\AppData\Local\Programs\MiKTeX\tex/latex/graphics\keyval.sty
Package: keyval 2022/05/29 v1.15 key=value parser (DPC)
\KV@toks@=\toks22
) (C:\Users\jpber\AppData\Local\Programs\MiKTeX\tex/latex/graphics\graphics.sty
Package: graphics 2024/08/06 v1.4g Standard LaTeX Graphics (DPC,SPQR)
 (C:\Users\jpber\AppData\Local\Programs\MiKTeX\tex/latex/graphics\trig.sty
Package: trig 2023/12/02 v1.11 sin cos tan (DPC)
) (C:\Users\jpber\AppData\Local\Programs\MiKTeX\tex/latex/graphics-cfg\graphics.cfg
File: graphics.cfg 2016/06/04 v1.11 sample graphics configuration
)
Package graphics Info: Driver file: pdftex.def on input line 106.
 (C:\Users\jpber\AppData\Local\Programs\MiKTeX\tex/latex/graphics-def\pdftex.def
File: pdftex.def 2024/04/13 v1.2c Graphics/color driver for pdftex
))
\Gin@req@height=\dimen151
\Gin@req@width=\dimen152
) (C:\Users\jpber\AppData\Local\Programs\MiKTeX\tex/latex/enumitem\enumitem.sty
Package: enumitem 2025/02/06 v3.11 Customized lists
\labelindent=\skip54
\enit@outerparindent=\dimen153
\enit@toks=\toks23
\enit@inbox=\box54
\enit@count@id=\count282
\enitdp@description=\count283
) (C:\Users\jpber\AppData\Local\Programs\MiKTeX\tex/latex/base\inputenc.sty
Package: inputenc 2024/02/08 v1.3d Input encoding file
\inpenc@prehook=\toks24
\inpenc@posthook=\toks25
) (C:\Users\jpber\AppData\Local\Programs\MiKTeX\tex/latex/base\fontenc.sty
Package: fontenc 2021/04/29 v2.0v Standard LaTeX package
LaTeX Font Info:    Trying to load font information for T1+ptm on input line 116.
 (C:\Users\jpber\AppData\Local\Programs\MiKTeX\tex/latex/psnfss\t1ptm.fd
File: t1ptm.fd 2001/06/04 font definitions for T1/ptm.
)) (C:\Users\jpber\AppData\Local\Programs\MiKTeX\tex/latex/float\float.sty
Package: float 2001/11/08 v1.3d Float enhancements (AL)
\c@float@type=\count284
\float@exts=\toks26
\float@box=\box55
\@float@everytoks=\toks27
\@floatcapt=\box56
) (C:\Users\jpber\AppData\Local\Programs\MiKTeX\tex/latex/l3backend\l3backend-pdftex.def
File: l3backend-pdftex.def 2024-05-08 L3 backend support: PDF output (pdfTeX)
\l__color_backend_stack_int=\count285
\l__pdf_internal_box=\box57
) (Report.aux)
\openout1 = `Report.aux'.

LaTeX Font Info:    Checking defaults for OML/cmm/m/it on input line 29.
LaTeX Font Info:    ... okay on input line 29.
LaTeX Font Info:    Checking defaults for OMS/cmsy/m/n on input line 29.
LaTeX Font Info:    ... okay on input line 29.
LaTeX Font Info:    Checking defaults for OT1/cmr/m/n on input line 29.
LaTeX Font Info:    ... okay on input line 29.
LaTeX Font Info:    Checking defaults for T1/cmr/m/n on input line 29.
LaTeX Font Info:    ... okay on input line 29.
LaTeX Font Info:    Checking defaults for TS1/cmr/m/n on input line 29.
LaTeX Font Info:    ... okay on input line 29.
LaTeX Font Info:    Checking defaults for OMX/cmex/m/n on input line 29.
LaTeX Font Info:    ... okay on input line 29.
LaTeX Font Info:    Checking defaults for U/cmr/m/n on input line 29.
LaTeX Font Info:    ... okay on input line 29.
 (C:\Users\jpber\AppData\Local\Programs\MiKTeX\tex/context/base/mkii\supp-pdf.mkii
[Loading MPS to PDF converter (version 2006.09.02).]
\scratchcounter=\count286
\scratchdimen=\dimen154
\scratchbox=\box58
\nofMPsegments=\count287
\nofMParguments=\count288
\everyMPshowfont=\toks28
\MPscratchCnt=\count289
\MPscratchDim=\dimen155
\MPnumerator=\count290
\makeMPintoPDFobject=\count291
\everyMPtoPDFconversion=\toks29
) (C:\Users\jpber\AppData\Local\Programs\MiKTeX\tex/latex/epstopdf-pkg\epstopdf-base.sty
Package: epstopdf-base 2020-01-24 v2.11 Base part for package epstopdf
Package epstopdf-base Info: Redefining graphics rule for `.eps' on input line 485.
 (C:\Users\jpber\AppData\Local\Programs\MiKTeX\tex/latex/00miktex\epstopdf-sys.cfg
File: epstopdf-sys.cfg 2021/03/18 v2.0 Configuration of epstopdf for MiKTeX
))
Underfull \hbox (badness 1331) in paragraph at lines 38--40
\T1/ptm/m/n/10 Seg-men-ta-tion, HOG, Hu Mo-ments, SVM Clas-si-fi-ca-tion,
 []




Overfull \hbox (9.23444pt too wide) in paragraph at lines 46--47
\T1/ptm/m/n/10 Early work on hand ges-ture recog-ni-tion fo-cused on sensor[]based
 []

LaTeX Font Info:    Trying to load font information for T1+pcr on input line 49.
(C:\Users\jpber\AppData\Local\Programs\MiKTeX\tex/latex/psnfss\t1pcr.fd
File: t1pcr.fd 2001/06/04 font definitions for T1/pcr.
)

[1{C:/Users/jpber/AppData/Local/MiKTeX/fonts/map/pdftex/pdftex.map}{C:/Users/jpber/AppData/Local/Programs/MiKTeX/fonts/enc/dvips/base/8r.enc}



]
Overfull \hbox (27.35492pt too wide) in paragraph at lines 68--69
[]\T1/ptm/m/n/10 Each orig-i-nal im-age was pro-cessed by our \T1/pcr/m/n/10 segment-data.py
 []


Underfull \hbox (badness 1221) in paragraph at lines 68--69
\T1/ptm/m/n/10 script, which au-to-mat-i-cally walks through ev-ery sub-ject
 []


Underfull \hbox (badness 2359) in paragraph at lines 70--71
\T1/ptm/m/n/10 util-ity, \T1/pcr/m/n/10 get_more_data.py\T1/ptm/m/n/10 , which cap-tures we-b-cam
 []


Overfull \hbox (1.13626pt too wide) in paragraph at lines 70--71
\T1/pcr/m/n/10 segmented-data/leapGestRecog/10/01_palm/\T1/ptm/m/n/10 ).
 []




LaTeX Warning: Citation `Hu1962' on page 2 undefined on input line 93.


Underfull \hbox (badness 1292) in paragraph at lines 95--96
\T1/ptm/m/n/10 and unit vari-ance be-fore feed-ing the con-cate-nated
 []


Underfull \hbox (badness 2165) in paragraph at lines 97--99
[]\T1/ptm/b/n/10 Classification: \T1/ptm/m/n/10 A \T1/ptm/b/n/10 lin-ear \T1/ptm/m/n/10 sup-port vec-tor ma-chine
 []


Underfull \hbox (badness 2856) in paragraph at lines 97--99
\T1/ptm/m/n/10 leave-one-subject-out (LOSO) cross-validation: in
 []



[2]
LaTeX Font Info:    Trying to load font information for TS1+ptm on input line 110.
 (C:\Users\jpber\AppData\Local\Programs\MiKTeX\tex/latex/psnfss\ts1ptm.fd
File: ts1ptm.fd 2001/06/04 font definitions for TS1/ptm.
)
Underfull \hbox (badness 2781) in paragraph at lines 111--113
[]\T1/ptm/b/n/10 segment-data.py: \T1/ptm/m/n/10 Re-cur-sively pro-cesses the raw
 []


Underfull \hbox (badness 4765) in paragraph at lines 111--113
\T1/ptm/m/n/10 dataset folder (\T1/pcr/m/n/10 data/leapGestRecog/00\T1/ptm/m/n/10 --\T1/pcr/m/n/10 09\T1/ptm/m/n/10 ),
 []


Overfull \hbox (33.33524pt too wide) in paragraph at lines 117--118
[]\T1/ptm/b/n/10 loader.py: \T1/ptm/m/n/10 Im-ple-ments \T1/pcr/m/n/10 make_data_tuples(root_dir)\T1/ptm/m/n/10 ,
 []


Overfull \hbox (6.90564pt too wide) in paragraph at lines 117--118
\T1/ptm/m/n/10 turns a list of \T1/pcr/m/n/10 (img_path, label, subject_id)
 []




Overfull \hbox (11.89508pt too wide) in paragraph at lines 119--120
[]\T1/ptm/b/n/10 train_svm.py: \T1/ptm/m/n/10 Loads the pre-com-puted \T1/pcr/m/n/10 features.npz\T1/ptm/m/n/10 ,
 []

<Hand-Original.png, id=17, 179.16937pt x 178.41656pt>
File: Hand-Original.png Graphic file (type png)
<use Hand-Original.png>
Package pdftex.def Info: Hand-Original.png  used on input line 134.
(pdftex.def)             Requested size: 117.45192pt x 116.96033pt.
<Hand-Result.png, id=19, 155.83218pt x 157.33781pt>
File: Hand-Result.png Graphic file (type png)
<use Hand-Result.png>
Package pdftex.def Info: Hand-Result.png  used on input line 140.
(pdftex.def)             Requested size: 117.45192pt x 118.58885pt.


[3 <./Hand-Original.png> <./Hand-Result.png>]
<Testing-Results.png, id=26, 614.295pt x 115.18031pt>
File: Testing-Results.png Graphic file (type png)
<use Testing-Results.png>
Package pdftex.def Info: Testing-Results.png  used on input line 156.
(pdftex.def)             Requested size: 244.6937pt x 45.87973pt.

Overfull \hbox (3.10466pt too wide) in paragraph at lines 188--196
 [][] 
 []



<ROC_Test.png, id=27, 462.528pt x 346.896pt>
File: ROC_Test.png Graphic file (type png)
<use ROC_Test.png>
Package pdftex.def Info: ROC_Test.png  used on input line 204.
(pdftex.def)             Requested size: 244.6937pt x 183.52052pt.
<PR_Test.png, id=28, 462.528pt x 346.896pt>
File: PR_Test.png Graphic file (type png)
<use PR_Test.png>
Package pdftex.def Info: PR_Test.png  used on input line 210.
(pdftex.def)             Requested size: 244.6937pt x 183.52052pt.
<CM-linear-ovo-80x80-True-False-CV_new-new.png, id=29, 433.62pt x 433.62pt>
File: CM-linear-ovo-80x80-True-False-CV_new-new.png Graphic file (type png)
<use CM-linear-ovo-80x80-True-False-CV_new-new.png>
Package pdftex.def Info: CM-linear-ovo-80x80-True-False-CV_new-new.png  used on input line 216.
(pdftex.def)             Requested size: 244.6937pt x 244.69801pt.
<CM-linear-ovo-80x80-True-False-Test_new_new.png, id=30, 433.62pt x 433.62pt>
File: CM-linear-ovo-80x80-True-False-Test_new_new.png Graphic file (type png)
<use CM-linear-ovo-80x80-True-False-Test_new_new.png>
Package pdftex.def Info: CM-linear-ovo-80x80-True-False-Test_new_new.png  used on input line 222.
(pdftex.def)             Requested size: 244.6937pt x 244.69801pt.


[4 <./Testing-Results.png> <./ROC_Test.png>]



[5 <./PR_Test.png> <./CM-linear-ovo-80x80-True-False-CV_new-new.png> <./CM-linear-ovo-80x80-True-False-Test_new_new.png>]
<input1.png, id=42, 392.21532pt x 323.70938pt>
File: input1.png Graphic file (type png)
<use input1.png>
Package pdftex.def Info: input1.png  used on input line 289.
(pdftex.def)             Requested size: 244.6937pt x 201.95729pt.
<input2.png, id=43, 301.8778pt x 270.25969pt>
File: input2.png Graphic file (type png)
<use input2.png>
Package pdftex.def Info: input2.png  used on input line 299.
(pdftex.def)             Requested size: 244.6937pt x 219.06584pt.
<input3.png, id=44, 358.33875pt x 280.04625pt>
File: input3.png Graphic file (type png)
<use input3.png>
Package pdftex.def Info: input3.png  used on input line 307.
(pdftex.def)             Requested size: 244.6937pt x 191.23227pt.




[6 <./input1.png> <./input2.png> <./input3.png>] (Report.bbl

)

[7] (Report.aux)
 ***********
LaTeX2e <2024-11-01> patch level 2
L3 programming layer <2025-01-18>
 ***********


LaTeX Warning: There were undefined references.

 ) 
Here is how much of TeX's memory you used:
 2920 strings out of 473523
 45154 string characters out of 5714631
 453155 words of memory out of 5000000
 26118 multiletter control sequences out of 15000+600000
 589916 words of font info for 75 fonts, out of 8000000 for 9000
 1141 hyphenation exceptions out of 8191
 57i,9n,65p,1357b,294s stack positions out of 10000i,1000n,20000p,200000b,200000s
<C:/Users/jpber/AppData/Local/Programs/MiKTeX/fonts/type1/public/amsfonts/cm/cmbx10.pfb><C:/Users/jpber/AppData/Local/Programs/MiKTeX/fonts/type1/public/amsfonts/cm/cmmi10.pfb><C:/Users/jpber/AppData/Local/Programs/MiKTeX/fonts/type1/public/amsfonts/cm/cmr10.pfb><C:/Users/jpber/AppData/Local/Programs/MiKTeX/fonts/type1/public/amsfonts/cm/cmr7.pfb><C:/Users/jpber/AppData/Local/Programs/MiKTeX/fonts/type1/public/amsfonts/cm/cmsy10.pfb><C:/Users/jpber/AppData/Local/Programs/MiKTeX/fonts/type1/urw/courier/ucrr8a.pfb><C:/Users/jpber/AppData/Local/Programs/MiKTeX/fonts/type1/urw/times/utmb8a.pfb><C:/Users/jpber/AppData/Local/Programs/MiKTeX/fonts/type1/urw/times/utmbi8a.pfb><C:/Users/jpber/AppData/Local/Programs/MiKTeX/fonts/type1/urw/times/utmr8a.pfb><C:/Users/jpber/AppData/Local/Programs/MiKTeX/fonts/type1/urw/times/utmri8a.pfb>
Output written on Report.pdf (7 pages, 364739 bytes).
PDF statistics:
 98 PDF objects out of 1000 (max. 8388607)
 0 named destinations out of 1000 (max. 500000)
 51 words of extra memory for PDF output out of 10000 (max. 10000000)

